{"/Users/trinhvo/Cours/JavaScript/react-memory-game/src/App.js": {"path":"/Users/trinhvo/Cours/JavaScript/react-memory-game/src/App.js","statementMap":{"0":{"start":{"line":11,"column":13},"end":{"line":11,"column":14}},"1":{"start":{"line":12,"column":23},"end":{"line":12,"column":72}},"2":{"start":{"line":13,"column":27},"end":{"line":13,"column":30}},"3":{"start":{"line":14,"column":17},"end":{"line":14,"column":21}},"4":{"start":{"line":41,"column":9},"end":{"line":47,"column":2}},"5":{"start":{"line":51,"column":22},"end":{"line":53,"column":2}},"6":{"start":{"line":52,"column":2},"end":{"line":52,"column":32}},"7":{"start":{"line":56,"column":2},"end":{"line":60,"column":5}},"8":{"start":{"line":57,"column":3},"end":{"line":59,"column":4}},"9":{"start":{"line":58,"column":4},"end":{"line":58,"column":20}},"10":{"start":{"line":61,"column":2},"end":{"line":61,"column":18}},"11":{"start":{"line":65,"column":46},"end":{"line":65,"column":56}},"12":{"start":{"line":66,"column":23},"end":{"line":66,"column":57}},"13":{"start":{"line":68,"column":2},"end":{"line":70,"column":3}},"14":{"start":{"line":69,"column":3},"end":{"line":69,"column":74}},"15":{"start":{"line":72,"column":2},"end":{"line":74,"column":3}},"16":{"start":{"line":73,"column":3},"end":{"line":73,"column":58}},"17":{"start":{"line":76,"column":2},"end":{"line":76,"column":45}},"18":{"start":{"line":79,"column":21},"end":{"line":92,"column":2}},"19":{"start":{"line":80,"column":26},"end":{"line":80,"column":36}},"20":{"start":{"line":82,"column":2},"end":{"line":84,"column":3}},"21":{"start":{"line":83,"column":3},"end":{"line":83,"column":10}},"22":{"start":{"line":86,"column":2},"end":{"line":89,"column":3}},"23":{"start":{"line":87,"column":3},"end":{"line":87,"column":45}},"24":{"start":{"line":88,"column":3},"end":{"line":88,"column":10}},"25":{"start":{"line":91,"column":2},"end":{"line":91,"column":36}},"26":{"start":{"line":95,"column":62},"end":{"line":95,"column":72}},"27":{"start":{"line":97,"column":18},"end":{"line":97,"column":43}},"28":{"start":{"line":98,"column":21},"end":{"line":98,"column":32}},"29":{"start":{"line":99,"column":18},"end":{"line":99,"column":57}},"30":{"start":{"line":101,"column":2},"end":{"line":101,"column":63}},"31":{"start":{"line":103,"column":2},"end":{"line":105,"column":3}},"32":{"start":{"line":104,"column":3},"end":{"line":104,"column":80}},"33":{"start":{"line":107,"column":2},"end":{"line":110,"column":3}},"34":{"start":{"line":108,"column":3},"end":{"line":108,"column":32}},"35":{"start":{"line":109,"column":3},"end":{"line":109,"column":47}},"36":{"start":{"line":109,"column":20},"end":{"line":109,"column":35}},"37":{"start":{"line":112,"column":2},"end":{"line":112,"column":75}},"38":{"start":{"line":112,"column":19},"end":{"line":112,"column":53}},"39":{"start":{"line":116,"column":17},"end":{"line":116,"column":19}},"40":{"start":{"line":117,"column":10},"end":{"line":117,"column":21}},"41":{"start":{"line":118,"column":16},"end":{"line":118,"column":32}},"42":{"start":{"line":120,"column":2},"end":{"line":123,"column":3}},"43":{"start":{"line":121,"column":16},"end":{"line":121,"column":32}},"44":{"start":{"line":122,"column":3},"end":{"line":122,"column":27}},"45":{"start":{"line":124,"column":2},"end":{"line":124,"column":25}},"46":{"start":{"line":128,"column":2},"end":{"line":134,"column":5}},"47":{"start":{"line":140,"column":61},"end":{"line":140,"column":71}},"48":{"start":{"line":141,"column":14},"end":{"line":141,"column":56}},"49":{"start":{"line":142,"column":2},"end":{"line":170,"column":4}},"50":{"start":{"line":147,"column":5},"end":{"line":154,"column":7}}},"fnMap":{"0":{"name":"(anonymous_0)","decl":{"start":{"line":51,"column":22},"end":{"line":51,"column":23}},"loc":{"start":{"line":51,"column":36},"end":{"line":53,"column":2}},"line":51},"1":{"name":"(anonymous_1)","decl":{"start":{"line":55,"column":1},"end":{"line":55,"column":2}},"loc":{"start":{"line":55,"column":22},"end":{"line":62,"column":2}},"line":55},"2":{"name":"(anonymous_2)","decl":{"start":{"line":56,"column":35},"end":{"line":56,"column":36}},"loc":{"start":{"line":56,"column":40},"end":{"line":60,"column":3}},"line":56},"3":{"name":"(anonymous_3)","decl":{"start":{"line":64,"column":1},"end":{"line":64,"column":2}},"loc":{"start":{"line":64,"column":28},"end":{"line":77,"column":2}},"line":64},"4":{"name":"(anonymous_4)","decl":{"start":{"line":79,"column":21},"end":{"line":79,"column":22}},"loc":{"start":{"line":79,"column":30},"end":{"line":92,"column":2}},"line":79},"5":{"name":"(anonymous_5)","decl":{"start":{"line":94,"column":1},"end":{"line":94,"column":2}},"loc":{"start":{"line":94,"column":31},"end":{"line":113,"column":2}},"line":94},"6":{"name":"(anonymous_6)","decl":{"start":{"line":109,"column":14},"end":{"line":109,"column":15}},"loc":{"start":{"line":109,"column":20},"end":{"line":109,"column":35}},"line":109},"7":{"name":"(anonymous_7)","decl":{"start":{"line":112,"column":13},"end":{"line":112,"column":14}},"loc":{"start":{"line":112,"column":19},"end":{"line":112,"column":53}},"line":112},"8":{"name":"(anonymous_8)","decl":{"start":{"line":115,"column":1},"end":{"line":115,"column":2}},"loc":{"start":{"line":115,"column":18},"end":{"line":125,"column":2}},"line":115},"9":{"name":"(anonymous_9)","decl":{"start":{"line":127,"column":1},"end":{"line":127,"column":2}},"loc":{"start":{"line":127,"column":13},"end":{"line":135,"column":2}},"line":127},"10":{"name":"(anonymous_10)","decl":{"start":{"line":138,"column":1},"end":{"line":138,"column":2}},"loc":{"start":{"line":138,"column":11},"end":{"line":171,"column":2}},"line":138},"11":{"name":"(anonymous_11)","decl":{"start":{"line":146,"column":15},"end":{"line":146,"column":16}},"loc":{"start":{"line":147,"column":5},"end":{"line":154,"column":7}},"line":147}},"branchMap":{"0":{"loc":{"start":{"line":57,"column":3},"end":{"line":59,"column":4}},"type":"if","locations":[{"start":{"line":57,"column":3},"end":{"line":59,"column":4}},{"start":{"line":57,"column":3},"end":{"line":59,"column":4}}],"line":57},"1":{"loc":{"start":{"line":68,"column":2},"end":{"line":70,"column":3}},"type":"if","locations":[{"start":{"line":68,"column":2},"end":{"line":70,"column":3}},{"start":{"line":68,"column":2},"end":{"line":70,"column":3}}],"line":68},"2":{"loc":{"start":{"line":69,"column":10},"end":{"line":69,"column":73}},"type":"cond-expr","locations":[{"start":{"line":69,"column":53},"end":{"line":69,"column":62}},{"start":{"line":69,"column":65},"end":{"line":69,"column":73}}],"line":69},"3":{"loc":{"start":{"line":69,"column":10},"end":{"line":69,"column":50}},"type":"binary-expr","locations":[{"start":{"line":69,"column":10},"end":{"line":69,"column":22}},{"start":{"line":69,"column":26},"end":{"line":69,"column":50}}],"line":69},"4":{"loc":{"start":{"line":72,"column":2},"end":{"line":74,"column":3}},"type":"if","locations":[{"start":{"line":72,"column":2},"end":{"line":74,"column":3}},{"start":{"line":72,"column":2},"end":{"line":74,"column":3}}],"line":72},"5":{"loc":{"start":{"line":73,"column":10},"end":{"line":73,"column":57}},"type":"cond-expr","locations":[{"start":{"line":73,"column":25},"end":{"line":73,"column":38}},{"start":{"line":73,"column":41},"end":{"line":73,"column":57}}],"line":73},"6":{"loc":{"start":{"line":76,"column":9},"end":{"line":76,"column":44}},"type":"cond-expr","locations":[{"start":{"line":76,"column":24},"end":{"line":76,"column":33}},{"start":{"line":76,"column":36},"end":{"line":76,"column":44}}],"line":76},"7":{"loc":{"start":{"line":82,"column":2},"end":{"line":84,"column":3}},"type":"if","locations":[{"start":{"line":82,"column":2},"end":{"line":84,"column":3}},{"start":{"line":82,"column":2},"end":{"line":84,"column":3}}],"line":82},"8":{"loc":{"start":{"line":86,"column":2},"end":{"line":89,"column":3}},"type":"if","locations":[{"start":{"line":86,"column":2},"end":{"line":89,"column":3}},{"start":{"line":86,"column":2},"end":{"line":89,"column":3}}],"line":86},"9":{"loc":{"start":{"line":103,"column":2},"end":{"line":105,"column":3}},"type":"if","locations":[{"start":{"line":103,"column":2},"end":{"line":105,"column":3}},{"start":{"line":103,"column":2},"end":{"line":105,"column":3}}],"line":103},"10":{"loc":{"start":{"line":107,"column":2},"end":{"line":110,"column":3}},"type":"if","locations":[{"start":{"line":107,"column":2},"end":{"line":110,"column":3}},{"start":{"line":107,"column":2},"end":{"line":110,"column":3}}],"line":107},"11":{"loc":{"start":{"line":157,"column":5},"end":{"line":168,"column":7}},"type":"binary-expr","locations":[{"start":{"line":157,"column":5},"end":{"line":157,"column":8}},{"start":{"line":158,"column":5},"end":{"line":158,"column":17}},{"start":{"line":159,"column":6},"end":{"line":168,"column":6}}],"line":157},"12":{"loc":{"start":{"line":159,"column":6},"end":{"line":168,"column":6}},"type":"cond-expr","locations":[{"start":{"line":160,"column":6},"end":{"line":163,"column":12}},{"start":{"line":165,"column":6},"end":{"line":167,"column":12}}],"line":159}},"s":{"0":2,"1":2,"2":2,"3":2,"4":6,"5":6,"6":0,"7":6,"8":0,"9":0,"10":6,"11":230,"12":230,"13":230,"14":230,"15":0,"16":0,"17":0,"18":6,"19":0,"20":0,"21":0,"22":0,"23":0,"24":0,"25":0,"26":0,"27":0,"28":0,"29":0,"30":0,"31":0,"32":0,"33":0,"34":0,"35":0,"36":0,"37":0,"38":0,"39":5,"40":5,"41":5,"42":5,"43":90,"44":90,"45":5,"46":6,"47":12,"48":12,"49":12,"50":230},"f":{"0":0,"1":6,"2":0,"3":230,"4":0,"5":0,"6":0,"7":0,"8":5,"9":6,"10":12,"11":230},"b":{"0":[0,0],"1":[230,0],"2":[0,230],"3":[230,230],"4":[0,0],"5":[0,0],"6":[0,0],"7":[0,0],"8":[0,0],"9":[0,0],"10":[0,0],"11":[12,6,6],"12":[0,6]},"_coverageSchema":"43e27e138ebf9cfc5966b082cf9a028302ed4184","hash":"c30d3d956408397ff953e67ebcb75c03b9a2f09a"}
,"/Users/trinhvo/Cours/JavaScript/react-memory-game/src/Card.js": {"path":"/Users/trinhvo/Cours/JavaScript/react-memory-game/src/Card.js","statementMap":{"0":{"start":{"line":5,"column":22},"end":{"line":5,"column":25}},"1":{"start":{"line":12,"column":13},"end":{"line":25,"column":1}},"2":{"start":{"line":13,"column":4},"end":{"line":23,"column":5}},"3":{"start":{"line":14,"column":8},"end":{"line":20,"column":9}},"4":{"start":{"line":15,"column":59},"end":{"line":15,"column":73}},"5":{"start":{"line":22,"column":8},"end":{"line":22,"column":26}},"6":{"start":{"line":27,"column":0},"end":{"line":37,"column":1}}},"fnMap":{"0":{"name":"(anonymous_0)","decl":{"start":{"line":12,"column":13},"end":{"line":12,"column":14}},"loc":{"start":{"line":12,"column":56},"end":{"line":25,"column":1}},"line":12},"1":{"name":"(anonymous_1)","decl":{"start":{"line":15,"column":53},"end":{"line":15,"column":54}},"loc":{"start":{"line":15,"column":59},"end":{"line":15,"column":73}},"line":15}},"branchMap":{"0":{"loc":{"start":{"line":13,"column":4},"end":{"line":23,"column":5}},"type":"if","locations":[{"start":{"line":13,"column":4},"end":{"line":23,"column":5}},{"start":{"line":13,"column":4},"end":{"line":23,"column":5}}],"line":13},"1":{"loc":{"start":{"line":17,"column":13},"end":{"line":17,"column":57}},"type":"cond-expr","locations":[{"start":{"line":17,"column":37},"end":{"line":17,"column":50}},{"start":{"line":17,"column":53},"end":{"line":17,"column":57}}],"line":17}},"s":{"0":3,"1":3,"2":38,"3":38,"4":1,"5":0,"6":3},"f":{"0":38,"1":1},"b":{"0":[38,0],"1":[38,0]},"_coverageSchema":"43e27e138ebf9cfc5966b082cf9a028302ed4184","hash":"942fc06fa069301e8a93321982c3ef92e86be4b1"}
,"/Users/trinhvo/Cours/JavaScript/react-memory-game/src/Clock.js": {"path":"/Users/trinhvo/Cours/JavaScript/react-memory-game/src/Clock.js","statementMap":{"0":{"start":{"line":5,"column":9},"end":{"line":7,"column":2}},"1":{"start":{"line":10,"column":2},"end":{"line":10,"column":77}},"2":{"start":{"line":10,"column":37},"end":{"line":10,"column":69}},"3":{"start":{"line":14,"column":2},"end":{"line":14,"column":32}},"4":{"start":{"line":18,"column":2},"end":{"line":32,"column":3}},"5":{"start":{"line":19,"column":3},"end":{"line":21,"column":6}},"6":{"start":{"line":23,"column":7},"end":{"line":32,"column":3}},"7":{"start":{"line":24,"column":3},"end":{"line":26,"column":6}},"8":{"start":{"line":29,"column":3},"end":{"line":31,"column":6}},"9":{"start":{"line":36,"column":2},"end":{"line":42,"column":4}}},"fnMap":{"0":{"name":"(anonymous_0)","decl":{"start":{"line":9,"column":1},"end":{"line":9,"column":2}},"loc":{"start":{"line":9,"column":22},"end":{"line":11,"column":2}},"line":9},"1":{"name":"(anonymous_1)","decl":{"start":{"line":10,"column":31},"end":{"line":10,"column":32}},"loc":{"start":{"line":10,"column":37},"end":{"line":10,"column":69}},"line":10},"2":{"name":"(anonymous_2)","decl":{"start":{"line":13,"column":1},"end":{"line":13,"column":2}},"loc":{"start":{"line":13,"column":25},"end":{"line":15,"column":2}},"line":13},"3":{"name":"(anonymous_3)","decl":{"start":{"line":17,"column":1},"end":{"line":17,"column":2}},"loc":{"start":{"line":17,"column":19},"end":{"line":33,"column":2}},"line":17},"4":{"name":"(anonymous_4)","decl":{"start":{"line":35,"column":1},"end":{"line":35,"column":2}},"loc":{"start":{"line":35,"column":11},"end":{"line":43,"column":2}},"line":35}},"branchMap":{"0":{"loc":{"start":{"line":18,"column":2},"end":{"line":32,"column":3}},"type":"if","locations":[{"start":{"line":18,"column":2},"end":{"line":32,"column":3}},{"start":{"line":18,"column":2},"end":{"line":32,"column":3}}],"line":18},"1":{"loc":{"start":{"line":23,"column":7},"end":{"line":32,"column":3}},"type":"if","locations":[{"start":{"line":23,"column":7},"end":{"line":32,"column":3}},{"start":{"line":23,"column":7},"end":{"line":32,"column":3}}],"line":23},"2":{"loc":{"start":{"line":23,"column":11},"end":{"line":23,"column":52}},"type":"binary-expr","locations":[{"start":{"line":23,"column":11},"end":{"line":23,"column":34}},{"start":{"line":23,"column":38},"end":{"line":23,"column":52}}],"line":23}},"s":{"0":1,"1":1,"2":0,"3":1,"4":0,"5":0,"6":0,"7":0,"8":0,"9":2},"f":{"0":1,"1":0,"2":1,"3":0,"4":2},"b":{"0":[0,0],"1":[0,0],"2":[0,0]},"_coverageSchema":"43e27e138ebf9cfc5966b082cf9a028302ed4184","hash":"308784cb01ec87598a23223614c7a68da3d79080"}
,"/Users/trinhvo/Cours/JavaScript/react-memory-game/src/GuessCount.js": {"path":"/Users/trinhvo/Cours/JavaScript/react-memory-game/src/GuessCount.js","statementMap":{"0":{"start":{"line":6,"column":19},"end":{"line":10,"column":1}},"1":{"start":{"line":7,"column":1},"end":{"line":9,"column":7}},"2":{"start":{"line":13,"column":0},"end":{"line":15,"column":2}}},"fnMap":{"0":{"name":"(anonymous_0)","decl":{"start":{"line":6,"column":19},"end":{"line":6,"column":20}},"loc":{"start":{"line":7,"column":1},"end":{"line":9,"column":7}},"line":7}},"branchMap":{"0":{"loc":{"start":{"line":8,"column":3},"end":{"line":8,"column":94}},"type":"cond-expr","locations":[{"start":{"line":8,"column":18},"end":{"line":8,"column":52}},{"start":{"line":8,"column":55},"end":{"line":8,"column":94}}],"line":8}},"s":{"0":2,"1":2,"2":2},"f":{"0":2},"b":{"0":[0,2]},"_coverageSchema":"43e27e138ebf9cfc5966b082cf9a028302ed4184","hash":"d060f64c6015a35525f3f395c042d6b3122bcc92"}
,"/Users/trinhvo/Cours/JavaScript/react-memory-game/src/HallOfFame.js": {"path":"/Users/trinhvo/Cours/JavaScript/react-memory-game/src/HallOfFame.js","statementMap":{"0":{"start":{"line":7,"column":19},"end":{"line":36,"column":1}},"1":{"start":{"line":8,"column":1},"end":{"line":35,"column":7}},"2":{"start":{"line":20,"column":5},"end":{"line":24,"column":10}},"3":{"start":{"line":38,"column":0},"end":{"line":47,"column":2}},"4":{"start":{"line":53,"column":24},"end":{"line":58,"column":1}},"5":{"start":{"line":60,"column":16},"end":{"line":60,"column":39}},"6":{"start":{"line":61,"column":16},"end":{"line":61,"column":18}},"7":{"start":{"line":64,"column":1},"end":{"line":64,"column":46}},"8":{"start":{"line":65,"column":1},"end":{"line":65,"column":23}},"9":{"start":{"line":68,"column":17},"end":{"line":68,"column":66}},"10":{"start":{"line":72,"column":24},"end":{"line":72,"column":84}},"11":{"start":{"line":72,"column":59},"end":{"line":72,"column":83}},"12":{"start":{"line":76,"column":1},"end":{"line":81,"column":2}},"13":{"start":{"line":77,"column":2},"end":{"line":77,"column":22}},"14":{"start":{"line":80,"column":2},"end":{"line":80,"column":43}},"15":{"start":{"line":83,"column":1},"end":{"line":85,"column":2}},"16":{"start":{"line":84,"column":2},"end":{"line":84,"column":47}},"17":{"start":{"line":88,"column":1},"end":{"line":88,"column":56}},"18":{"start":{"line":89,"column":1},"end":{"line":89,"column":19}}},"fnMap":{"0":{"name":"(anonymous_0)","decl":{"start":{"line":7,"column":19},"end":{"line":7,"column":20}},"loc":{"start":{"line":8,"column":1},"end":{"line":35,"column":7}},"line":8},"1":{"name":"(anonymous_1)","decl":{"start":{"line":19,"column":17},"end":{"line":19,"column":18}},"loc":{"start":{"line":20,"column":5},"end":{"line":24,"column":10}},"line":20},"2":{"name":"saveHOEntry","decl":{"start":{"line":63,"column":16},"end":{"line":63,"column":27}},"loc":{"start":{"line":63,"column":45},"end":{"line":90,"column":1}},"line":63},"3":{"name":"(anonymous_3)","decl":{"start":{"line":72,"column":42},"end":{"line":72,"column":43}},"loc":{"start":{"line":72,"column":59},"end":{"line":72,"column":83}},"line":72}},"branchMap":{"0":{"loc":{"start":{"line":68,"column":28},"end":{"line":68,"column":65}},"type":"binary-expr","locations":[{"start":{"line":68,"column":28},"end":{"line":68,"column":57}},{"start":{"line":68,"column":61},"end":{"line":68,"column":65}}],"line":68},"1":{"loc":{"start":{"line":76,"column":1},"end":{"line":81,"column":2}},"type":"if","locations":[{"start":{"line":76,"column":1},"end":{"line":81,"column":2}},{"start":{"line":76,"column":1},"end":{"line":81,"column":2}}],"line":76},"2":{"loc":{"start":{"line":83,"column":1},"end":{"line":85,"column":2}},"type":"if","locations":[{"start":{"line":83,"column":1},"end":{"line":85,"column":2}},{"start":{"line":83,"column":1},"end":{"line":85,"column":2}}],"line":83}},"s":{"0":2,"1":0,"2":0,"3":2,"4":2,"5":2,"6":2,"7":0,"8":0,"9":0,"10":0,"11":0,"12":0,"13":0,"14":0,"15":0,"16":0,"17":0,"18":0},"f":{"0":0,"1":0,"2":0,"3":0},"b":{"0":[0,0],"1":[0,0],"2":[0,0]},"_coverageSchema":"43e27e138ebf9cfc5966b082cf9a028302ed4184","hash":"21ea6f6672569f8c5076b0d11aa20137bdcc10e3"}
,"/Users/trinhvo/Cours/JavaScript/react-memory-game/src/HighScoreInput.js": {"path":"/Users/trinhvo/Cours/JavaScript/react-memory-game/src/HighScoreInput.js","statementMap":{"0":{"start":{"line":8,"column":9},"end":{"line":8,"column":23}},"1":{"start":{"line":12,"column":22},"end":{"line":14,"column":2}},"2":{"start":{"line":13,"column":2},"end":{"line":13,"column":62}},"3":{"start":{"line":18,"column":17},"end":{"line":29,"column":2}},"4":{"start":{"line":20,"column":2},"end":{"line":20,"column":25}},"5":{"start":{"line":21,"column":19},"end":{"line":24,"column":3}},"6":{"start":{"line":28,"column":2},"end":{"line":28,"column":45}},"7":{"start":{"line":31,"column":2},"end":{"line":46,"column":4}},"8":{"start":{"line":50,"column":0},"end":{"line":53,"column":2}}},"fnMap":{"0":{"name":"(anonymous_0)","decl":{"start":{"line":12,"column":22},"end":{"line":12,"column":23}},"loc":{"start":{"line":12,"column":31},"end":{"line":14,"column":2}},"line":12},"1":{"name":"(anonymous_1)","decl":{"start":{"line":18,"column":17},"end":{"line":18,"column":18}},"loc":{"start":{"line":18,"column":26},"end":{"line":29,"column":2}},"line":18},"2":{"name":"(anonymous_2)","decl":{"start":{"line":30,"column":1},"end":{"line":30,"column":2}},"loc":{"start":{"line":30,"column":11},"end":{"line":47,"column":2}},"line":30}},"branchMap":{},"s":{"0":1,"1":1,"2":0,"3":1,"4":0,"5":0,"6":0,"7":1,"8":2},"f":{"0":0,"1":0,"2":1},"b":{},"_coverageSchema":"43e27e138ebf9cfc5966b082cf9a028302ed4184","hash":"013ca119cf452c17744d1fb4ccc4418cca72fb8c"}
,"/Users/trinhvo/Cours/JavaScript/react-memory-game/src/Winner.js": {"path":"/Users/trinhvo/Cours/JavaScript/react-memory-game/src/Winner.js","statementMap":{"0":{"start":{"line":5,"column":15},"end":{"line":14,"column":1}},"1":{"start":{"line":6,"column":1},"end":{"line":13,"column":7}}},"fnMap":{"0":{"name":"(anonymous_0)","decl":{"start":{"line":5,"column":15},"end":{"line":5,"column":16}},"loc":{"start":{"line":6,"column":1},"end":{"line":13,"column":7}},"line":6}},"branchMap":{},"s":{"0":2,"1":0},"f":{"0":0},"b":{},"_coverageSchema":"43e27e138ebf9cfc5966b082cf9a028302ed4184","hash":"c0d37ffacc9259a65ec46e5be89038989510d401"}
,"/Users/trinhvo/Cours/JavaScript/react-memory-game/src/index.js": {"path":"/Users/trinhvo/Cours/JavaScript/react-memory-game/src/index.js","statementMap":{"0":{"start":{"line":9,"column":0},"end":{"line":14,"column":2}},"1":{"start":{"line":19,"column":0},"end":{"line":19,"column":27}}},"fnMap":{},"branchMap":{},"s":{"0":0,"1":0},"f":{},"b":{},"hash":"ccb17f98f8a3e1263ce81f0587c076c969c23e45"}
,"/Users/trinhvo/Cours/JavaScript/react-memory-game/src/serviceWorker.js": {"path":"/Users/trinhvo/Cours/JavaScript/react-memory-game/src/serviceWorker.js","statementMap":{"0":{"start":{"line":13,"column":20},"end":{"line":21,"column":1}},"1":{"start":{"line":24,"column":2},"end":{"line":54,"column":3}},"2":{"start":{"line":26,"column":22},"end":{"line":26,"column":75}},"3":{"start":{"line":27,"column":4},"end":{"line":32,"column":5}},"4":{"start":{"line":31,"column":6},"end":{"line":31,"column":13}},"5":{"start":{"line":34,"column":4},"end":{"line":53,"column":7}},"6":{"start":{"line":35,"column":20},"end":{"line":35,"column":65}},"7":{"start":{"line":37,"column":6},"end":{"line":52,"column":7}},"8":{"start":{"line":39,"column":8},"end":{"line":39,"column":47}},"9":{"start":{"line":43,"column":8},"end":{"line":48,"column":11}},"10":{"start":{"line":44,"column":10},"end":{"line":47,"column":12}},"11":{"start":{"line":51,"column":8},"end":{"line":51,"column":39}},"12":{"start":{"line":58,"column":2},"end":{"line":98,"column":7}},"13":{"start":{"line":61,"column":6},"end":{"line":94,"column":8}},"14":{"start":{"line":62,"column":33},"end":{"line":62,"column":56}},"15":{"start":{"line":63,"column":8},"end":{"line":65,"column":9}},"16":{"start":{"line":64,"column":10},"end":{"line":64,"column":17}},"17":{"start":{"line":66,"column":8},"end":{"line":93,"column":10}},"18":{"start":{"line":67,"column":10},"end":{"line":92,"column":11}},"19":{"start":{"line":68,"column":12},"end":{"line":91,"column":13}},"20":{"start":{"line":72,"column":14},"end":{"line":75,"column":16}},"21":{"start":{"line":78,"column":14},"end":{"line":80,"column":15}},"22":{"start":{"line":79,"column":16},"end":{"line":79,"column":46}},"23":{"start":{"line":85,"column":14},"end":{"line":85,"column":64}},"24":{"start":{"line":88,"column":14},"end":{"line":90,"column":15}},"25":{"start":{"line":89,"column":16},"end":{"line":89,"column":47}},"26":{"start":{"line":97,"column":6},"end":{"line":97,"column":72}},"27":{"start":{"line":103,"column":2},"end":{"line":128,"column":7}},"28":{"start":{"line":108,"column":26},"end":{"line":108,"column":62}},"29":{"start":{"line":109,"column":6},"end":{"line":122,"column":7}},"30":{"start":{"line":114,"column":8},"end":{"line":118,"column":11}},"31":{"start":{"line":115,"column":10},"end":{"line":117,"column":13}},"32":{"start":{"line":116,"column":12},"end":{"line":116,"column":37}},"33":{"start":{"line":121,"column":8},"end":{"line":121,"column":39}},"34":{"start":{"line":125,"column":6},"end":{"line":127,"column":8}},"35":{"start":{"line":132,"column":2},"end":{"line":140,"column":3}},"36":{"start":{"line":133,"column":4},"end":{"line":139,"column":9}},"37":{"start":{"line":135,"column":8},"end":{"line":135,"column":34}},"38":{"start":{"line":138,"column":8},"end":{"line":138,"column":37}}},"fnMap":{"0":{"name":"register","decl":{"start":{"line":23,"column":16},"end":{"line":23,"column":24}},"loc":{"start":{"line":23,"column":33},"end":{"line":55,"column":1}},"line":23},"1":{"name":"(anonymous_1)","decl":{"start":{"line":34,"column":36},"end":{"line":34,"column":37}},"loc":{"start":{"line":34,"column":42},"end":{"line":53,"column":5}},"line":34},"2":{"name":"(anonymous_2)","decl":{"start":{"line":43,"column":43},"end":{"line":43,"column":44}},"loc":{"start":{"line":43,"column":49},"end":{"line":48,"column":9}},"line":43},"3":{"name":"registerValidSW","decl":{"start":{"line":57,"column":9},"end":{"line":57,"column":24}},"loc":{"start":{"line":57,"column":40},"end":{"line":99,"column":1}},"line":57},"4":{"name":"(anonymous_4)","decl":{"start":{"line":60,"column":10},"end":{"line":60,"column":11}},"loc":{"start":{"line":60,"column":26},"end":{"line":95,"column":5}},"line":60},"5":{"name":"(anonymous_5)","decl":{"start":{"line":61,"column":35},"end":{"line":61,"column":36}},"loc":{"start":{"line":61,"column":41},"end":{"line":94,"column":7}},"line":61},"6":{"name":"(anonymous_6)","decl":{"start":{"line":66,"column":41},"end":{"line":66,"column":42}},"loc":{"start":{"line":66,"column":47},"end":{"line":93,"column":9}},"line":66},"7":{"name":"(anonymous_7)","decl":{"start":{"line":96,"column":11},"end":{"line":96,"column":12}},"loc":{"start":{"line":96,"column":20},"end":{"line":98,"column":5}},"line":96},"8":{"name":"checkValidServiceWorker","decl":{"start":{"line":101,"column":9},"end":{"line":101,"column":32}},"loc":{"start":{"line":101,"column":48},"end":{"line":129,"column":1}},"line":101},"9":{"name":"(anonymous_9)","decl":{"start":{"line":106,"column":10},"end":{"line":106,"column":11}},"loc":{"start":{"line":106,"column":22},"end":{"line":123,"column":5}},"line":106},"10":{"name":"(anonymous_10)","decl":{"start":{"line":114,"column":43},"end":{"line":114,"column":44}},"loc":{"start":{"line":114,"column":59},"end":{"line":118,"column":9}},"line":114},"11":{"name":"(anonymous_11)","decl":{"start":{"line":115,"column":41},"end":{"line":115,"column":42}},"loc":{"start":{"line":115,"column":47},"end":{"line":117,"column":11}},"line":115},"12":{"name":"(anonymous_12)","decl":{"start":{"line":124,"column":11},"end":{"line":124,"column":12}},"loc":{"start":{"line":124,"column":17},"end":{"line":128,"column":5}},"line":124},"13":{"name":"unregister","decl":{"start":{"line":131,"column":16},"end":{"line":131,"column":26}},"loc":{"start":{"line":131,"column":29},"end":{"line":141,"column":1}},"line":131},"14":{"name":"(anonymous_14)","decl":{"start":{"line":134,"column":12},"end":{"line":134,"column":13}},"loc":{"start":{"line":134,"column":28},"end":{"line":136,"column":7}},"line":134},"15":{"name":"(anonymous_15)","decl":{"start":{"line":137,"column":13},"end":{"line":137,"column":14}},"loc":{"start":{"line":137,"column":22},"end":{"line":139,"column":7}},"line":137}},"branchMap":{"0":{"loc":{"start":{"line":14,"column":2},"end":{"line":20,"column":5}},"type":"binary-expr","locations":[{"start":{"line":14,"column":2},"end":{"line":14,"column":42}},{"start":{"line":16,"column":4},"end":{"line":16,"column":40}},{"start":{"line":18,"column":4},"end":{"line":20,"column":5}}],"line":14},"1":{"loc":{"start":{"line":24,"column":2},"end":{"line":54,"column":3}},"type":"if","locations":[{"start":{"line":24,"column":2},"end":{"line":54,"column":3}},{"start":{"line":24,"column":2},"end":{"line":54,"column":3}}],"line":24},"2":{"loc":{"start":{"line":24,"column":6},"end":{"line":24,"column":75}},"type":"binary-expr","locations":[{"start":{"line":24,"column":6},"end":{"line":24,"column":43}},{"start":{"line":24,"column":47},"end":{"line":24,"column":75}}],"line":24},"3":{"loc":{"start":{"line":27,"column":4},"end":{"line":32,"column":5}},"type":"if","locations":[{"start":{"line":27,"column":4},"end":{"line":32,"column":5}},{"start":{"line":27,"column":4},"end":{"line":32,"column":5}}],"line":27},"4":{"loc":{"start":{"line":37,"column":6},"end":{"line":52,"column":7}},"type":"if","locations":[{"start":{"line":37,"column":6},"end":{"line":52,"column":7}},{"start":{"line":37,"column":6},"end":{"line":52,"column":7}}],"line":37},"5":{"loc":{"start":{"line":63,"column":8},"end":{"line":65,"column":9}},"type":"if","locations":[{"start":{"line":63,"column":8},"end":{"line":65,"column":9}},{"start":{"line":63,"column":8},"end":{"line":65,"column":9}}],"line":63},"6":{"loc":{"start":{"line":67,"column":10},"end":{"line":92,"column":11}},"type":"if","locations":[{"start":{"line":67,"column":10},"end":{"line":92,"column":11}},{"start":{"line":67,"column":10},"end":{"line":92,"column":11}}],"line":67},"7":{"loc":{"start":{"line":68,"column":12},"end":{"line":91,"column":13}},"type":"if","locations":[{"start":{"line":68,"column":12},"end":{"line":91,"column":13}},{"start":{"line":68,"column":12},"end":{"line":91,"column":13}}],"line":68},"8":{"loc":{"start":{"line":78,"column":14},"end":{"line":80,"column":15}},"type":"if","locations":[{"start":{"line":78,"column":14},"end":{"line":80,"column":15}},{"start":{"line":78,"column":14},"end":{"line":80,"column":15}}],"line":78},"9":{"loc":{"start":{"line":78,"column":18},"end":{"line":78,"column":43}},"type":"binary-expr","locations":[{"start":{"line":78,"column":18},"end":{"line":78,"column":24}},{"start":{"line":78,"column":28},"end":{"line":78,"column":43}}],"line":78},"10":{"loc":{"start":{"line":88,"column":14},"end":{"line":90,"column":15}},"type":"if","locations":[{"start":{"line":88,"column":14},"end":{"line":90,"column":15}},{"start":{"line":88,"column":14},"end":{"line":90,"column":15}}],"line":88},"11":{"loc":{"start":{"line":88,"column":18},"end":{"line":88,"column":44}},"type":"binary-expr","locations":[{"start":{"line":88,"column":18},"end":{"line":88,"column":24}},{"start":{"line":88,"column":28},"end":{"line":88,"column":44}}],"line":88},"12":{"loc":{"start":{"line":109,"column":6},"end":{"line":122,"column":7}},"type":"if","locations":[{"start":{"line":109,"column":6},"end":{"line":122,"column":7}},{"start":{"line":109,"column":6},"end":{"line":122,"column":7}}],"line":109},"13":{"loc":{"start":{"line":110,"column":8},"end":{"line":111,"column":73}},"type":"binary-expr","locations":[{"start":{"line":110,"column":8},"end":{"line":110,"column":31}},{"start":{"line":111,"column":9},"end":{"line":111,"column":28}},{"start":{"line":111,"column":32},"end":{"line":111,"column":72}}],"line":110},"14":{"loc":{"start":{"line":132,"column":2},"end":{"line":140,"column":3}},"type":"if","locations":[{"start":{"line":132,"column":2},"end":{"line":140,"column":3}},{"start":{"line":132,"column":2},"end":{"line":140,"column":3}}],"line":132}},"s":{"0":0,"1":0,"2":0,"3":0,"4":0,"5":0,"6":0,"7":0,"8":0,"9":0,"10":0,"11":0,"12":0,"13":0,"14":0,"15":0,"16":0,"17":0,"18":0,"19":0,"20":0,"21":0,"22":0,"23":0,"24":0,"25":0,"26":0,"27":0,"28":0,"29":0,"30":0,"31":0,"32":0,"33":0,"34":0,"35":0,"36":0,"37":0,"38":0},"f":{"0":0,"1":0,"2":0,"3":0,"4":0,"5":0,"6":0,"7":0,"8":0,"9":0,"10":0,"11":0,"12":0,"13":0,"14":0,"15":0},"b":{"0":[0,0,0],"1":[0,0],"2":[0,0],"3":[0,0],"4":[0,0],"5":[0,0],"6":[0,0],"7":[0,0],"8":[0,0],"9":[0,0],"10":[0,0],"11":[0,0],"12":[0,0],"13":[0,0,0],"14":[0,0]},"hash":"8cd3c231897fd624efe3905a3c1636009e95ae80"}
}
