TN:
SF:/Users/trinhvo/Cours/JavaScript/react-memory-game/src/App.js
FN:51,(anonymous_0)
FN:55,(anonymous_1)
FN:56,(anonymous_2)
FN:64,(anonymous_3)
FN:79,(anonymous_4)
FN:94,(anonymous_5)
FN:109,(anonymous_6)
FN:112,(anonymous_7)
FN:115,(anonymous_8)
FN:127,(anonymous_9)
FN:138,(anonymous_10)
FN:146,(anonymous_11)
FNF:12
FNH:6
FNDA:0,(anonymous_0)
FNDA:6,(anonymous_1)
FNDA:0,(anonymous_2)
FNDA:230,(anonymous_3)
FNDA:0,(anonymous_4)
FNDA:0,(anonymous_5)
FNDA:0,(anonymous_6)
FNDA:0,(anonymous_7)
FNDA:5,(anonymous_8)
FNDA:6,(anonymous_9)
FNDA:12,(anonymous_10)
FNDA:230,(anonymous_11)
DA:11,2
DA:12,2
DA:13,2
DA:14,2
DA:41,6
DA:51,6
DA:52,0
DA:56,6
DA:57,0
DA:58,0
DA:61,6
DA:65,230
DA:66,230
DA:68,230
DA:69,230
DA:72,0
DA:73,0
DA:76,0
DA:79,6
DA:80,0
DA:82,0
DA:83,0
DA:86,0
DA:87,0
DA:88,0
DA:91,0
DA:95,0
DA:97,0
DA:98,0
DA:99,0
DA:101,0
DA:103,0
DA:104,0
DA:107,0
DA:108,0
DA:109,0
DA:112,0
DA:116,5
DA:117,5
DA:118,5
DA:120,5
DA:121,90
DA:122,90
DA:124,5
DA:128,6
DA:140,12
DA:141,12
DA:142,12
DA:147,230
LF:49
LH:25
BRDA:57,0,0,0
BRDA:57,0,1,0
BRDA:68,1,0,230
BRDA:68,1,1,0
BRDA:69,2,0,0
BRDA:69,2,1,230
BRDA:69,3,0,230
BRDA:69,3,1,230
BRDA:72,4,0,0
BRDA:72,4,1,0
BRDA:73,5,0,0
BRDA:73,5,1,0
BRDA:76,6,0,0
BRDA:76,6,1,0
BRDA:82,7,0,0
BRDA:82,7,1,0
BRDA:86,8,0,0
BRDA:86,8,1,0
BRDA:103,9,0,0
BRDA:103,9,1,0
BRDA:107,10,0,0
BRDA:107,10,1,0
BRDA:157,11,0,12
BRDA:157,11,1,6
BRDA:157,11,2,6
BRDA:159,12,0,0
BRDA:159,12,1,6
BRF:27
BRH:8
end_of_record
TN:
SF:/Users/trinhvo/Cours/JavaScript/react-memory-game/src/Card.js
FN:12,(anonymous_0)
FN:15,(anonymous_1)
FNF:2
FNH:2
FNDA:38,(anonymous_0)
FNDA:1,(anonymous_1)
DA:5,3
DA:12,3
DA:13,38
DA:14,38
DA:15,1
DA:22,0
DA:27,3
LF:7
LH:6
BRDA:13,0,0,38
BRDA:13,0,1,0
BRDA:17,1,0,38
BRDA:17,1,1,0
BRF:4
BRH:2
end_of_record
TN:
SF:/Users/trinhvo/Cours/JavaScript/react-memory-game/src/Clock.js
FN:9,(anonymous_0)
FN:10,(anonymous_1)
FN:13,(anonymous_2)
FN:17,(anonymous_3)
FN:35,(anonymous_4)
FNF:5
FNH:3
FNDA:1,(anonymous_0)
FNDA:0,(anonymous_1)
FNDA:1,(anonymous_2)
FNDA:0,(anonymous_3)
FNDA:2,(anonymous_4)
DA:5,1
DA:10,1
DA:14,1
DA:18,0
DA:19,0
DA:23,0
DA:24,0
DA:29,0
DA:36,2
LF:9
LH:4
BRDA:18,0,0,0
BRDA:18,0,1,0
BRDA:23,1,0,0
BRDA:23,1,1,0
BRDA:23,2,0,0
BRDA:23,2,1,0
BRF:6
BRH:0
end_of_record
TN:
SF:/Users/trinhvo/Cours/JavaScript/react-memory-game/src/GuessCount.js
FN:6,(anonymous_0)
FNF:1
FNH:1
FNDA:2,(anonymous_0)
DA:6,2
DA:7,2
DA:13,2
LF:3
LH:3
BRDA:8,0,0,0
BRDA:8,0,1,2
BRF:2
BRH:1
end_of_record
TN:
SF:/Users/trinhvo/Cours/JavaScript/react-memory-game/src/HallOfFame.js
FN:7,(anonymous_0)
FN:19,(anonymous_1)
FN:63,saveHOEntry
FN:72,(anonymous_3)
FNF:4
FNH:0
FNDA:0,(anonymous_0)
FNDA:0,(anonymous_1)
FNDA:0,saveHOEntry
FNDA:0,(anonymous_3)
DA:7,2
DA:8,0
DA:20,0
DA:38,2
DA:53,2
DA:60,2
DA:61,2
DA:64,0
DA:65,0
DA:68,0
DA:72,0
DA:76,0
DA:77,0
DA:80,0
DA:83,0
DA:84,0
DA:88,0
DA:89,0
LF:18
LH:5
BRDA:68,0,0,0
BRDA:68,0,1,0
BRDA:76,1,0,0
BRDA:76,1,1,0
BRDA:83,2,0,0
BRDA:83,2,1,0
BRF:6
BRH:0
end_of_record
TN:
SF:/Users/trinhvo/Cours/JavaScript/react-memory-game/src/HighScoreInput.js
FN:12,(anonymous_0)
FN:18,(anonymous_1)
FN:30,(anonymous_2)
FNF:3
FNH:1
FNDA:0,(anonymous_0)
FNDA:0,(anonymous_1)
FNDA:1,(anonymous_2)
DA:8,1
DA:12,1
DA:13,0
DA:18,1
DA:20,0
DA:21,0
DA:28,0
DA:31,1
DA:50,2
LF:9
LH:5
BRF:0
BRH:0
end_of_record
TN:
SF:/Users/trinhvo/Cours/JavaScript/react-memory-game/src/Winner.js
FN:5,(anonymous_0)
FNF:1
FNH:0
FNDA:0,(anonymous_0)
DA:5,2
DA:6,0
LF:2
LH:1
BRF:0
BRH:0
end_of_record
TN:
SF:/Users/trinhvo/Cours/JavaScript/react-memory-game/src/index.js
FNF:0
FNH:0
DA:9,0
DA:19,0
LF:2
LH:0
BRF:0
BRH:0
end_of_record
TN:
SF:/Users/trinhvo/Cours/JavaScript/react-memory-game/src/serviceWorker.js
FN:23,register
FN:34,(anonymous_1)
FN:43,(anonymous_2)
FN:57,registerValidSW
FN:60,(anonymous_4)
FN:61,(anonymous_5)
FN:66,(anonymous_6)
FN:96,(anonymous_7)
FN:101,checkValidServiceWorker
FN:106,(anonymous_9)
FN:114,(anonymous_10)
FN:115,(anonymous_11)
FN:124,(anonymous_12)
FN:131,unregister
FN:134,(anonymous_14)
FN:137,(anonymous_15)
FNF:16
FNH:0
FNDA:0,register
FNDA:0,(anonymous_1)
FNDA:0,(anonymous_2)
FNDA:0,registerValidSW
FNDA:0,(anonymous_4)
FNDA:0,(anonymous_5)
FNDA:0,(anonymous_6)
FNDA:0,(anonymous_7)
FNDA:0,checkValidServiceWorker
FNDA:0,(anonymous_9)
FNDA:0,(anonymous_10)
FNDA:0,(anonymous_11)
FNDA:0,(anonymous_12)
FNDA:0,unregister
FNDA:0,(anonymous_14)
FNDA:0,(anonymous_15)
DA:13,0
DA:24,0
DA:26,0
DA:27,0
DA:31,0
DA:34,0
DA:35,0
DA:37,0
DA:39,0
DA:43,0
DA:44,0
DA:51,0
DA:58,0
DA:61,0
DA:62,0
DA:63,0
DA:64,0
DA:66,0
DA:67,0
DA:68,0
DA:72,0
DA:78,0
DA:79,0
DA:85,0
DA:88,0
DA:89,0
DA:97,0
DA:103,0
DA:108,0
DA:109,0
DA:114,0
DA:115,0
DA:116,0
DA:121,0
DA:125,0
DA:132,0
DA:133,0
DA:135,0
DA:138,0
LF:39
LH:0
BRDA:14,0,0,0
BRDA:14,0,1,0
BRDA:14,0,2,0
BRDA:24,1,0,0
BRDA:24,1,1,0
BRDA:24,2,0,0
BRDA:24,2,1,0
BRDA:27,3,0,0
BRDA:27,3,1,0
BRDA:37,4,0,0
BRDA:37,4,1,0
BRDA:63,5,0,0
BRDA:63,5,1,0
BRDA:67,6,0,0
BRDA:67,6,1,0
BRDA:68,7,0,0
BRDA:68,7,1,0
BRDA:78,8,0,0
BRDA:78,8,1,0
BRDA:78,9,0,0
BRDA:78,9,1,0
BRDA:88,10,0,0
BRDA:88,10,1,0
BRDA:88,11,0,0
BRDA:88,11,1,0
BRDA:109,12,0,0
BRDA:109,12,1,0
BRDA:110,13,0,0
BRDA:110,13,1,0
BRDA:110,13,2,0
BRDA:132,14,0,0
BRDA:132,14,1,0
BRF:32
BRH:0
end_of_record
